<?xml version="1.0" encoding="UTF-8"?>
<!-- Generated by org.testng.reporters.JUnitXMLReporter -->
<testsuite hostname="REFL-LP104" ignored="3" name="Test" tests="3" failures="0" timestamp="2020-04-15T17:43:38 IST" time="0.032" errors="0">
  <testcase name="TestCase_3" time="0.004" classname="com.webauto.modulename.TestCases"/>
  <testcase name="TestCase_5" time="0.001" classname="com.webauto.modulename.TestCases"/>
  <testcase name="TestCase_6" time="0.001" classname="com.webauto.modulename.TestCases"/>
  <testcase name="TestCase_1" time="0.0" classname="com.webauto.modulename.TestCases">
    <ignored/>
  </testcase> <!-- TestCase_1 -->
  <testcase name="TestCase_4" time="0.0" classname="com.webauto.modulename.TestCases">
    <ignored/>
  </testcase> <!-- TestCase_4 -->
  <testcase name="TestCase_2" time="0.0" classname="com.webauto.modulename.TestCases">
    <ignored/>
  </testcase> <!-- TestCase_2 -->
</testsuite> <!-- Test -->
