<?xml version="1.0" encoding="UTF-8"?>
<testng-results ignored="0" total="1" passed="0" failed="1" skipped="0">
  <reporter-output>
  </reporter-output>
  <suite started-at="2022-03-07T15:55:16 GMT" name="Default suite" finished-at="2022-03-07T15:55:16 GMT" duration-ms="190">
    <groups>
      <group name="AllTestsInThisClass">
        <method signature="TestCases.TestCase_1()[pri:0, instance:com.webauto.modulename.TestCases@a0a9fa5]" name="TestCase_1" class="com.webauto.modulename.TestCases"/>
      </group> <!-- AllTestsInThisClass -->
    </groups>
    <test started-at="2022-03-07T15:55:16 GMT" name="Default test" finished-at="2022-03-07T15:55:16 GMT" duration-ms="190">
      <class name="com.webauto.modulename.TestCases">
        <test-method is-config="true" signature="setWebDriver()[pri:0, instance:com.webauto.modulename.TestCases@a0a9fa5]" started-at="2022-03-07T15:55:12 GMT" name="setWebDriver" finished-at="2022-03-07T15:55:16 GMT" duration-ms="3849" status="PASS">
          <reporter-output>
          </reporter-output>
        </test-method> <!-- setWebDriver -->
        <test-method signature="TestCase_1()[pri:0, instance:com.webauto.modulename.TestCases@a0a9fa5]" started-at="2022-03-07T15:55:16 GMT" name="TestCase_1" finished-at="2022-03-07T15:55:16 GMT" duration-ms="165" status="FAIL">
          <exception class="java.lang.NullPointerException">
            <message>
              <![CDATA[Cannot invoke "java.lang.Throwable.toString()" because the return value of "java.lang.Exception.getCause()" is null]]>
            </message>
            <full-stacktrace>
              <![CDATA[java.lang.NullPointerException: Cannot invoke "java.lang.Throwable.toString()" because the return value of "java.lang.Exception.getCause()" is null
at com.webauto.common.BaseClass.expLog(BaseClass.java:108)
at com.webauto.modulename.TestCases.TestCase_1(TestCases.java:78)
at java.base/jdk.internal.reflect.NativeMethodAccessorImpl.invoke0(Native Method)
at java.base/jdk.internal.reflect.NativeMethodAccessorImpl.invoke(NativeMethodAccessorImpl.java:77)
at java.base/jdk.internal.reflect.DelegatingMethodAccessorImpl.invoke(DelegatingMethodAccessorImpl.java:43)
at java.base/java.lang.reflect.Method.invoke(Method.java:568)
at org.testng.internal.MethodInvocationHelper.invokeMethod(MethodInvocationHelper.java:134)
at org.testng.internal.TestInvoker.invokeMethod(TestInvoker.java:597)
at org.testng.internal.TestInvoker.invokeTestMethod(TestInvoker.java:173)
at org.testng.internal.MethodRunner.runInSequence(MethodRunner.java:46)
at org.testng.internal.TestInvoker$MethodInvocationAgent.invoke(TestInvoker.java:816)
at org.testng.internal.TestInvoker.invokeTestMethods(TestInvoker.java:146)
at org.testng.internal.TestMethodWorker.invokeTestMethods(TestMethodWorker.java:146)
at org.testng.internal.TestMethodWorker.run(TestMethodWorker.java:128)
at java.base/java.util.ArrayList.forEach(ArrayList.java:1511)
at org.testng.TestRunner.privateRun(TestRunner.java:766)
at org.testng.TestRunner.run(TestRunner.java:587)
at org.testng.SuiteRunner.runTest(SuiteRunner.java:384)
at org.testng.SuiteRunner.runSequentially(SuiteRunner.java:378)
at org.testng.SuiteRunner.privateRun(SuiteRunner.java:337)
at org.testng.SuiteRunner.run(SuiteRunner.java:286)
at org.testng.SuiteRunnerWorker.runSuite(SuiteRunnerWorker.java:53)
at org.testng.SuiteRunnerWorker.run(SuiteRunnerWorker.java:96)
at org.testng.TestNG.runSuitesSequentially(TestNG.java:1187)
at org.testng.TestNG.runSuitesLocally(TestNG.java:1109)
at org.testng.TestNG.runSuites(TestNG.java:1039)
at org.testng.TestNG.run(TestNG.java:1007)
at org.testng.remote.AbstractRemoteTestNG.run(AbstractRemoteTestNG.java:115)
at org.testng.remote.RemoteTestNG.initAndRun(RemoteTestNG.java:251)
at org.testng.remote.RemoteTestNG.main(RemoteTestNG.java:77)
]]>
            </full-stacktrace>
          </exception> <!-- java.lang.NullPointerException -->
          <reporter-output>
          </reporter-output>
        </test-method> <!-- TestCase_1 -->
        <test-method is-config="true" signature="quitDriver()[pri:0, instance:com.webauto.modulename.TestCases@a0a9fa5]" started-at="2022-03-07T15:55:16 GMT" name="quitDriver" finished-at="2022-03-07T15:55:17 GMT" duration-ms="456" status="PASS">
          <reporter-output>
          </reporter-output>
        </test-method> <!-- quitDriver -->
      </class> <!-- com.webauto.modulename.TestCases -->
    </test> <!-- Default test -->
  </suite> <!-- Default suite -->
</testng-results>
